opengauss_hitwh/code/IMUWatchFace/ZenFaceDigit/app/build/outputs/logs/manifest-merger-debug-report.txt
-- Merging decision tree log ---
manifest
ADDED from src/main/AndroidManifest.xml:2:1-65:12
INJECTED from src/main/AndroidManifest.xml:2:1-65:12
INJECTED from src/main/AndroidManifest.xml:2:1-65:12
INJECTED from src/main/AndroidManifest.xml:2:1-65:12
MERGED from [com.android.support:support-v13:27.0.2] AndroidManifest.xml:17:1-22:12
MERGED from [com.google.android.support:wearable:2.0.3] AndroidManifest.xml:2:1-10:12
MERGED from [com.google.android.gms:play-services-wearable:11.0.4] AndroidManifest.xml:16:1-19:12
MERGED from [com.github.kaknazaveshtakipishi:PermissionEverywhere:1.0.2] AndroidManifest.xml:2:1-23:12
MERGED from [com.android.support:recyclerview-v7:25.2.0] AndroidManifest.xml:17:1-22:12
MERGED from [com.google.android.gms:play-services-base:11.0.4] AndroidManifest.xml:16:1-21:12
MERGED from [com.google.android.gms:play-services-tasks:11.0.4] AndroidManifest.xml:2:1-5:12
MERGED from [com.google.android.gms:play-services-basement:11.0.4] AndroidManifest.xml:16:1-23:12
MERGED from [com.android.support:appcompat-v7:23.3.0] AndroidManifest.xml:17:1-27:12
MERGED from [com.android.support:animated-vector-drawable:23.3.0] AndroidManifest.xml:2:1-9:12
MERGED from [com.android.support:support-vector-drawable:23.3.0] AndroidManifest.xml:2:1-9:12
MERGED from [com.android.support:support-v4:27.0.2] AndroidManifest.xml:17:1-22:12
MERGED from [com.android.support:support-media-compat:27.0.2] AndroidManifest.xml:17:1-22:12
MERGED from [com.android.support:support-fragment:27.0.2] AndroidManifest.xml:17:1-22:12
MERGED from [com.android.support:support-core-utils:27.0.2] AndroidManifest.xml:17:1-22:12
MERGED from [com.android.support:percent:25.2.0] AndroidManifest.xml:17:1-24:12
MERGED from [com.android.support:support-core-ui:27.0.2] AndroidManifest.xml:17:1-22:12
MERGED from [com.android.support:support-compat:27.0.2] AndroidManifest.xml:17:1-22:12
MERGED from [android.arch.lifecycle:runtime:1.0.3] AndroidManifest.xml:17:1-24:12
INJECTED from src/main/AndroidManifest.xml:2:1-65:12
INJECTED from src/main/AndroidManifest.xml:2:1-65:12
INJECTED from src/main/AndroidManifest.xml:2:1-65:12
	package
		ADDED from src/main/AndroidManifest.xml:3:5-50
		INJECTED from src/main/AndroidManifest.xml
		INJECTED from src/main/AndroidManifest.xml
	android:versionName
		INJECTED from src/main/AndroidManifest.xml
		ADDED from src/main/AndroidManifest.xml:2:1-65:12
		INJECTED from src/main/AndroidManifest.xml
	android:versionCode
		INJECTED from src/main/AndroidManifest.xml
		ADDED from src/main/AndroidManifest.xml:2:1-65:12
		INJECTED from src/main/AndroidManifest.xml
	xmlns:android
		ADDED from src/main/AndroidManifest.xml:2:11-69
uses-feature#android.hardware.type.watch
ADDED from src/main/AndroidManifest.xml:5:5-64
	android:name
		ADDED from src/main/AndroidManifest.xml:5:19-61
uses-permission#android.permission.WAKE_LOCK
ADDED from src/main/AndroidManifest.xml:8:5-68
	android:name
		ADDED from src/main/AndroidManifest.xml:8:22-65
uses-permission#android.permission.WRITE_EXTERNAL_STORAGE
ADDED from src/main/AndroidManifest.xml:9:5-81
	android:name
		ADDED from src/main/AndroidManifest.xml:9:22-78
uses-permission#android.permission.READ_EXTERNAL_STORAGE
ADDED from src/main/AndroidManifest.xml:10:5-80
	android:name
		ADDED from src/main/AndroidManifest.xml:10:22-77
uses-permission#android.permission.REQUEST_IGNORE_BATTERY_OPTIMIZATIONS
ADDED from src/main/AndroidManifest.xml:11:5-95
	android:name
		ADDED from src/main/AndroidManifest.xml:11:22-92
uses-permission#android.permission.INTERNET
ADDED from src/main/AndroidManifest.xml:12:5-67
	android:name
		ADDED from src/main/AndroidManifest.xml:12:22-64
uses-permission#android.permission.ACCESS_NETWORK_STATE
ADDED from src/main/AndroidManifest.xml:13:5-79
	android:name
		ADDED from src/main/AndroidManifest.xml:13:22-76
uses-permission#android.permission.CHANGE_WIFI_STATE
ADDED from src/main/AndroidManifest.xml:14:5-76
	android:name
		ADDED from src/main/AndroidManifest.xml:14:22-73
uses-permission#android.permission.CHANGE_NETWORK_STATE
ADDED from src/main/AndroidManifest.xml:15:5-79
	android:name
		ADDED from src/main/AndroidManifest.xml:15:22-76
uses-permission#android.permission.UPDATE_DEVICE_STATS
ADDED from src/main/AndroidManifest.xml:16:5-78
	android:name
		ADDED from src/main/AndroidManifest.xml:16:22-75
uses-permission#android.permission.ACCESS_WIFI_STATE
ADDED from src/main/AndroidManifest.xml:17:5-76
	android:name
		ADDED from src/main/AndroidManifest.xml:17:22-73
application
ADDED from src/main/AndroidManifest.xml:19:5-63:19
MERGED from [com.google.android.support:wearable:2.0.3] AndroidManifest.xml:6:3-8:17
MERGED from [com.google.android.support:wearable:2.0.3] AndroidManifest.xml:6:3-8:17
MERGED from [com.google.android.gms:play-services-wearable:11.0.4] AndroidManifest.xml:18:5-19
MERGED from [com.google.android.gms:play-services-wearable:11.0.4] AndroidManifest.xml:18:5-19
MERGED from [com.github.kaknazaveshtakipishi:PermissionEverywhere:1.0.2] AndroidManifest.xml:11:5-21:19
MERGED from [com.github.kaknazaveshtakipishi:PermissionEverywhere:1.0.2] AndroidManifest.xml:11:5-21:19
MERGED from [com.google.android.gms:play-services-base:11.0.4] AndroidManifest.xml:18:5-20:19
MERGED from [com.google.android.gms:play-services-base:11.0.4] AndroidManifest.xml:18:5-20:19
MERGED from [com.google.android.gms:play-services-tasks:11.0.4] AndroidManifest.xml:4:5-19
MERGED from [com.google.android.gms:play-services-tasks:11.0.4] AndroidManifest.xml:4:5-19
MERGED from [com.google.android.gms:play-services-basement:11.0.4] AndroidManifest.xml:19:5-21:19
MERGED from [com.google.android.gms:play-services-basement:11.0.4] AndroidManifest.xml:19:5-21:19
MERGED from [com.android.support:appcompat-v7:23.3.0] AndroidManifest.xml:25:5-20
MERGED from [com.android.support:appcompat-v7:23.3.0] AndroidManifest.xml:25:5-20
MERGED from [com.android.support:animated-vector-drawable:23.3.0] AndroidManifest.xml:7:5-20
MERGED from [com.android.support:animated-vector-drawable:23.3.0] AndroidManifest.xml:7:5-20
MERGED from [com.android.support:support-vector-drawable:23.3.0] AndroidManifest.xml:7:5-20
MERGED from [com.android.support:support-vector-drawable:23.3.0] AndroidManifest.xml:7:5-20
MERGED from [com.android.support:percent:25.2.0] AndroidManifest.xml:22:5-20
MERGED from [com.android.support:percent:25.2.0] AndroidManifest.xml:22:5-20
	android:supportsRtl
		ADDED from src/main/AndroidManifest.xml:23:9-35
	android:label
		ADDED from src/main/AndroidManifest.xml:22:9-41
	android:icon
		ADDED from src/main/AndroidManifest.xml:21:9-43
	android:allowBackup
		ADDED from src/main/AndroidManifest.xml:20:9-35
	android:theme
		ADDED from src/main/AndroidManifest.xml:24:9-59
service#com.example.ruixuandai.zenfacedigit.MyWatchFace
ADDED from src/main/AndroidManifest.xml:25:9-44:19
	android:label
		ADDED from src/main/AndroidManifest.xml:27:13-52
	android:permission
		ADDED from src/main/AndroidManifest.xml:28:13-67
	android:name
		ADDED from src/main/AndroidManifest.xml:26:13-40
meta-data#android.service.wallpaper
ADDED from src/main/AndroidManifest.xml:29:13-31:54
	android:resource
		ADDED from src/main/AndroidManifest.xml:31:17-51
	android:name
		ADDED from src/main/AndroidManifest.xml:30:17-57
meta-data#com.google.android.wearable.watchface.preview
ADDED from src/main/AndroidManifest.xml:32:13-34:64
	android:resource
		ADDED from src/main/AndroidManifest.xml:34:17-61
	android:name
		ADDED from src/main/AndroidManifest.xml:33:17-77
meta-data#com.google.android.wearable.watchface.preview_circular
ADDED from src/main/AndroidManifest.xml:35:13-37:73
	android:resource
		ADDED from src/main/AndroidManifest.xml:37:17-70
	android:name
		ADDED from src/main/AndroidManifest.xml:36:17-86
intent-filter#action:name:android.service.wallpaper.WallpaperService+category:name:com.google.android.wearable.watchface.category.WATCH_FACE
ADDED from src/main/AndroidManifest.xml:39:13-43:29
action#android.service.wallpaper.WallpaperService
ADDED from src/main/AndroidManifest.xml:40:17-85
	android:name
		ADDED from src/main/AndroidManifest.xml:40:25-82
category#com.google.android.wearable.watchface.category.WATCH_FACE
ADDED from src/main/AndroidManifest.xml:42:17-102
	android:name
		ADDED from src/main/AndroidManifest.xml:42:27-99
service#com.example.ruixuandai.zenfacedigit.LogService
ADDED from src/main/AndroidManifest.xml:45:9-49:19
	android:name
		ADDED from src/main/AndroidManifest.xml:45:18-44
intent-filter#action:name:.LogService
ADDED from src/main/AndroidManifest.xml:46:13-48:29
action#com.example.ruixuandai.zenfacedigit.LogService
ADDED from src/main/AndroidManifest.xml:47:17-54
	android:name
		ADDED from src/main/AndroidManifest.xml:47:25-51
service#com.amazonaws.mobileconnectors.s3.transferutility.TransferService
ADDED from src/main/AndroidManifest.xml:50:9-52:38
	android:enabled
		ADDED from src/main/AndroidManifest.xml:52:13-35
	android:name
		ADDED from src/main/AndroidManifest.xml:51:13-93
meta-data#com.google.android.gms.version
ADDED from src/main/AndroidManifest.xml:60:9-62:69
MERGED from [com.google.android.gms:play-services-basement:11.0.4] AndroidManifest.xml:20:9-121
MERGED from [com.google.android.gms:play-services-basement:11.0.4] AndroidManifest.xml:20:9-121
	android:value
		ADDED from src/main/AndroidManifest.xml:62:13-66
	android:name
		ADDED from src/main/AndroidManifest.xml:61:13-58
uses-sdk
INJECTED from src/main/AndroidManifest.xml reason: use-sdk injection requested
INJECTED from src/main/AndroidManifest.xml
INJECTED from src/main/AndroidManifest.xml
MERGED from [com.android.support:support-v13:27.0.2] AndroidManifest.xml:20:5-44
MERGED from [com.android.support:support-v13:27.0.2] AndroidManifest.xml:20:5-44
MERGED from [com.google.android.support:wearable:2.0.3] AndroidManifest.xml:4:3-70
MERGED from [com.google.android.support:wearable:2.0.3] AndroidManifest.xml:4:3-70
MERGED from [com.google.android.gms:play-services-wearable:11.0.4] AndroidManifest.xml:17:5-43
MERGED from [com.google.android.gms:play-services-wearable:11.0.4] AndroidManifest.xml:17:5-43
MERGED from [com.github.kaknazaveshtakipishi:PermissionEverywhere:1.0.2] AndroidManifest.xml:7:5-9:41
MERGED from [com.github.kaknazaveshtakipishi:PermissionEverywhere:1.0.2] AndroidManifest.xml:7:5-9:41
MERGED from [com.android.support:recyclerview-v7:25.2.0] AndroidManifest.xml:20:5-43
MERGED from [com.android.support:recyclerview-v7:25.2.0] AndroidManifest.xml:20:5-43
MERGED from [com.google.android.gms:play-services-base:11.0.4] AndroidManifest.xml:17:5-43
MERGED from [com.google.android.gms:play-services-base:11.0.4] AndroidManifest.xml:17:5-43
MERGED from [com.google.android.gms:play-services-tasks:11.0.4] AndroidManifest.xml:3:5-43
MERGED from [com.google.android.gms:play-services-tasks:11.0.4] AndroidManifest.xml:3:5-43
MERGED from [com.google.android.gms:play-services-basement:11.0.4] AndroidManifest.xml:17:5-43
MERGED from [com.google.android.gms:play-services-basement:11.0.4] AndroidManifest.xml:17:5-43
MERGED from [com.android.support:appcompat-v7:23.3.0] AndroidManifest.xml:21:5-23:78
MERGED from [com.android.support:appcompat-v7:23.3.0] AndroidManifest.xml:21:5-23:78
MERGED from [com.android.support:animated-vector-drawable:23.3.0] AndroidManifest.xml:5:5-44
MERGED from [com.android.support:animated-vector-drawable:23.3.0] AndroidManifest.xml:5:5-44
MERGED from [com.android.support:support-vector-drawable:23.3.0] AndroidManifest.xml:5:5-43
MERGED from [com.android.support:support-vector-drawable:23.3.0] AndroidManifest.xml:5:5-43
MERGED from [com.android.support:support-v4:27.0.2] AndroidManifest.xml:20:5-44
MERGED from [com.android.support:support-v4:27.0.2] AndroidManifest.xml:20:5-44
MERGED from [com.android.support:support-media-compat:27.0.2] AndroidManifest.xml:20:5-44
MERGED from [com.android.support:support-media-compat:27.0.2] AndroidManifest.xml:20:5-44
MERGED from [com.android.support:support-fragment:27.0.2] AndroidManifest.xml:20:5-44
MERGED from [com.android.support:support-fragment:27.0.2] AndroidManifest.xml:20:5-44
MERGED from [com.android.support:support-core-utils:27.0.2] AndroidManifest.xml:20:5-44
MERGED from [com.android.support:support-core-utils:27.0.2] AndroidManifest.xml:20:5-44
MERGED from [com.android.support:percent:25.2.0] AndroidManifest.xml:20:5-43
MERGED from [com.android.support:percent:25.2.0] AndroidManifest.xml:20:5-43
MERGED from [com.android.support:support-core-ui:27.0.2] AndroidManifest.xml:20:5-44
MERGED from [com.android.support:support-core-ui:27.0.2] AndroidManifest.xml:20:5-44
MERGED from [com.android.support:support-compat:27.0.2] AndroidManifest.xml:20:5-44
MERGED from [com.android.support:support-compat:27.0.2] AndroidManifest.xml:20:5-44
MERGED from [android.arch.lifecycle:runtime:1.0.3] AndroidManifest.xml:20:5-22:41
MERGED from [android.arch.lifecycle:runtime:1.0.3] AndroidManifest.xml:20:5-22:41
INJECTED from src/main/AndroidManifest.xml
INJECTED from src/main/AndroidManifest.xml
	tools:overrideLibrary
		ADDED from [com.android.support:appcompat-v7:23.3.0] AndroidManifest.xml:23:9-75
	android:targetSdkVersion
		INJECTED from src/main/AndroidManifest.xml
		ADDED from src/main/AndroidManifest.xml
		INJECTED from src/main/AndroidManifest.xml
	android:minSdkVersion
		INJECTED from src/main/AndroidManifest.xml
		ADDED from src/main/AndroidManifest.xml
		INJECTED from src/main/AndroidManifest.xml
uses-library#com.google.android.wearable
ADDED from [com.google.android.support:wearable:2.0.3] AndroidManifest.xml:7:5-88
	android:required
		ADDED from [com.google.android.support:wearable:2.0.3] AndroidManifest.xml:7:62-86
	android:name
		ADDED from [com.google.android.support:wearable:2.0.3] AndroidManifest.xml:7:19-61
activity#com.permissioneverywhere.PermissionActivity
ADDED from [com.github.kaknazaveshtakipishi:PermissionEverywhere:1.0.2] AndroidManifest.xml:15:9-20:20
	android:launchMode
		ADDED from [com.github.kaknazaveshtakipishi:PermissionEverywhere:1.0.2] AndroidManifest.xml:18:13-44
	android:alwaysRetainTaskState
		ADDED from [com.github.kaknazaveshtakipishi:PermissionEverywhere:1.0.2] AndroidManifest.xml:17:13-50
	android:theme
		ADDED from [com.github.kaknazaveshtakipishi:PermissionEverywhere:1.0.2] AndroidManifest.xml:19:13-53
	android:name
		ADDED from [com.github.kaknazaveshtakipishi:PermissionEverywhere:1.0.2] AndroidManifest.xml:16:13-71
activity#com.google.android.gms.common.api.GoogleApiActivity
ADDED from [com.google.android.gms:play-services-base:11.0.4] AndroidManifest.xml:19:9-172
	android:exported
		ADDED from [com.google.android.gms:play-services-base:11.0.4] AndroidManifest.xml:19:146-170
	android:theme
		ADDED from [com.google.android.gms:play-services-base:11.0.4] AndroidManifest.xml:19:86-145
	android:name
		ADDED from [com.google.android.gms:play-services-base:11.0.4] AndroidManifest.xml:19:19-85